<?xml version="1.0" encoding="UTF-8"?>
<!-- Generated by org.testng.reporters.JUnitXMLReporter -->
<testsuite hostname="DESKTOP-KV4TQRG" ignored="0" name="Test validate navigation bar" tests="1" failures="1" timestamp="23 Mar 2019 19:46:50 GMT" time="15.751" errors="0">
  <testcase name="baseNavigate" time="9.968" classname="Academy.validateNavBar">
    <failure type="java.lang.AssertionError" message="expected [false] but found [true]">
      <![CDATA[java.lang.AssertionError: expected [false] but found [true]
at Academy.validateNavBar.baseNavigate(validateNavBar.java:33)
... Removed 29 stack frames]]>
    </failure>
  </testcase> <!-- baseNavigate -->
</testsuite> <!-- Test validate navigation bar -->
